make all --print-data-base --no-builtin-variables --no-builtin-rules --question
make: *** No rule to make target 'all'.  Stop.
 
# GNU Make 4.1
# Built for x86_64-pc-linux-gnu
# Copyright (C) 1988-2014 Free Software Foundation, Inc.
# License GPLv3+: GNU GPL version 3 or later <http://gnu.org/licenses/gpl.html>
# This is free software: you are free to change and redistribute it.
# There is NO WARRANTY, to the extent permitted by law.

# Make data base, printed on Tue Jun  1 16:43:17 2021

# Variables

# makefile (from 'Makefile', line 158)
QEMUGDB = $(shell if $(QEMU) -help | grep -q '^-gdb'; then echo "-gdb tcp::$(GDBPORT)"; else echo "-s -p $(GDBPORT)"; fi)
# automatic
<D = $(patsubst %/,%,$(dir $<))
# automatic
?F = $(notdir $?)
# environment
PAPERSIZE = a4
# environment
DESKTOP_SESSION = Lubuntu
# default
.SHELLFLAGS := -c
# makefile (from 'Makefile', line 51)
QEMU = qemu-system-riscv64
# environment
XDG_SESSION_TYPE = x11
# environment
VSCODE_LOG_NATIVE = false
# automatic
?D = $(patsubst %/,%,$(dir $?))
# automatic
@D = $(patsubst %/,%,$(dir $@))
# environment
XAUTHORITY = /home/os212/.Xauthority
# environment
GDMSESSION = Lubuntu
# default
MAKE_VERSION := 4.1
# makefile
CURDIR := /home/os212/os212-assignment3
# makefile (from 'Makefile', line 1)
K = kernel
# makefile
SHELL = /bin/sh
# environment
GDM_LANG = en
# makefile (from 'Makefile', line 2)
U = user
# environment
VSCODE_NLS_CONFIG = {"locale":"en-us","availableLanguages":{},"_languagePackSupport":true}
# environment
_ = /usr/share/code/code
# makefile (from 'Makefile', line 73)
CFLAGS = -Wall -Werror -O -fno-omit-frame-pointer -ggdb -MD -mcmodel=medany -ffreestanding -fno-common -nostdlib -mno-relax -I. $(shell $(CC) -fno-stack-protector -E -x c /dev/null >/dev/null 2>&1 && echo -fno-stack-protector) -D $(SELECTION) -fno-pie -no-pie
# environment
XDG_CONFIG_DIRS = /etc/xdg/lubuntu:/etc/xdg/xdg-Lubuntu:/etc/xdg
# makefile (from 'Makefile', line 156)
GDBPORT = $(shell expr `id -u` % 5000 + 25000)
# environment
GTK_OVERLAY_SCROLLING = 0
# makefile (from 'user/ln.d', line 1)
MAKEFILE_LIST :=  Makefile kernel/proc.d kernel/fs.d kernel/string.d kernel/syscall.d kernel/printf.d kernel/trap.d kernel/exec.d kernel/vm.d kernel/sysfile.d kernel/uart.d kernel/log.d kernel/sleeplock.d kernel/console.d kernel/spinlock.d kernel/pipe.d kernel/virtio_disk.d kernel/file.d kernel/main.d kernel/sysproc.d kernel/kalloc.d kernel/bio.d kernel/plic.d kernel/start.d user/wc.d user/ulib.d user/initcode.d user/init.d user/rm.d user/grind.d user/usys.d user/ls.d user/mkdir.d user/umalloc.d user/echo.d user/forktest.d user/grep.d user/printf.d user/usertests.d user/sh.d user/kill.d user/stressfs.d user/lazytests.d user/cat.d user/zombie.d user/ln.d
# automatic
@F = $(notdir $@)
# environment
GIO_LAUNCHED_DESKTOP_FILE = /usr/share/applications/code.desktop
# 'override' directive
GNUMAKEFLAGS := 
# environment
MAKELEVEL := 0
# environment
XDG_DATA_DIRS = /etc/xdg/lubuntu:/usr/share/gdm:/var/lib/menu-xdg:/usr/share/Lubuntu:/usr/local/share:/usr/share:/var/lib/snapd/desktop
# environment
DBUS_SESSION_BUS_ADDRESS = unix:path=/run/user/1001/bus
# environment
VSCODE_VERBOSE_LOGGING = true
# makefile (from 'Makefile', line 54)
AS = $(TOOLPREFIX)gas
# makefile (from 'Makefile', line 4)
OBJS = $K/entry.o $K/start.o $K/console.o $K/printf.o $K/uart.o $K/kalloc.o $K/spinlock.o $K/string.o $K/main.o $K/vm.o $K/proc.o $K/swtch.o $K/trampoline.o $K/trap.o $K/syscall.o $K/sysproc.o $K/bio.o $K/fs.o $K/log.o $K/sleeplock.o $K/file.o $K/pipe.o $K/exec.o $K/sysfile.o $K/kernelvec.o $K/plic.o $K/virtio_disk.o
# environment
LESSOPEN = | /usr/bin/lesspipe %s
# environment
LC_NAME = en_IL.UTF-8
# environment
VSCODE_CWD = /home/os212
# environment
QT_STYLE_OVERRIDE = gtk
# environment
XDG_SESSION_PATH = /org/freedesktop/DisplayManager/Session0
# default
MAKE_HOST := x86_64-pc-linux-gnu
# environment
PATH = /usr/local/sbin:/usr/local/bin:/usr/sbin:/usr/bin:/sbin:/bin:/usr/games:/usr/local/games:/snap/bin
# makefile (from 'Makefile', line 55)
LD = $(TOOLPREFIX)ld
# environment
_LXSESSION_PID = 7085
# environment
GPG_AGENT_INFO = /run/user/1001/gnupg/S.gpg-agent:0:1
# environment
XDG_RUNTIME_DIR = /run/user/1001
# environment
TEXTDOMAIN = im-config
# makefile (from 'Makefile', line 162)
CPUS := 1
# environment
XDG_MENU_PREFIX = lxde-
# environment
VSCODE_LOG_STACK = false
# environment
VSCODE_CRASH_REPORTER_START_OPTIONS = {"companyName":"Microsoft","productName":"VSCode","submitURL":"appcenter://code?aid=fba07a4d-84bd-4fc8-a125-9640fc8ce171&uid=a9389429-352e-4f15-bd95-9df1430ccfcb&iid=a9389429-352e-4f15-bd95-9df1430ccfcb&sid=a9389429-352e-4f15-bd95-9df1430ccfcb","uploadToServer":true}
# makefile (from 'Makefile', line 79)
LDFLAGS = -z max-page-size=4096
# makefile (from 'Makefile', line 95)
ULIB = $U/ulib.o $U/usys.o $U/printf.o $U/umalloc.o
# default
.FEATURES := target-specific order-only second-expansion else-if shortest-stem undefine oneshell archives jobserver output-sync check-symlink load
# environment
XDG_GREETER_DATA_DIR = /var/lib/lightdm-data/os212
# environment
LS_COLORS = 
# environment
XDG_SESSION_DESKTOP = Lubuntu
# environment
SSH_AUTH_SOCK = /tmp/ssh-t73vwkRuDBSl/agent.7085
# environment
GIO_LAUNCHED_DESKTOP_FILE_PID = 8468
# automatic
%F = $(notdir $%)
# environment
DISPLAY = :0.0
# environment
VSCODE_PIPE_LOGGING = true
# environment
PWD = /home/os212/os212-assignment3
# environment
QT_QPA_PLATFORMTHEME = lxqt
# environment
XDG_SEAT = seat0
# environment
SSH_AGENT_PID = 7145
# environment
ORIGINAL_XDG_CURRENT_DESKTOP = LXDE
# environment
VSCODE_AMD_ENTRYPOINT = vs/workbench/services/extensions/node/extensionHostProcess
# environment
HOME = /home/os212
# environment
LESSCLOSE = /usr/bin/lesspipe %s %s
# environment
LOGNAME = os212
# environment
APPLICATION_INSIGHTS_NO_DIAGNOSTIC_CHANNEL = true
# automatic
+F = $(notdir $+)
# environment
VSCODE_HANDLES_UNCAUGHT_ERRORS = true
# automatic
^D = $(patsubst %/,%,$(dir $^))
# environment
XDG_VTNR = 7
# environment
LC_TIME = en_IL.UTF-8
# default
MAKE = $(MAKE_COMMAND)
# default
MAKECMDGOALS := all
# environment
SHLVL = 1
# makefile (from 'Makefile', line 53)
CC = $(TOOLPREFIX)gcc
# makefile (from 'Makefile', line 39)
TOOLPREFIX := riscv64-unknown-elf-
# environment
IM_CONFIG_PHASE = 2
# environment
VSCODE_IPC_HOOK_EXTHOST = /run/user/1001/vscode-ipc-8985ad4d-06be-4a8e-9c18-487c56add954.sock
# environment
XDG_SESSION_ID = c2
# environment
USER = os212
# environment
LC_MONETARY = en_IL.UTF-8
# makefile
.DEFAULT_GOAL := kernel/kernel
# environment
XDG_CURRENT_DESKTOP = LXDE
# makefile (from 'Makefile', line 68)
SELECTION := SCFIFO
# automatic
%D = $(patsubst %/,%,$(dir $%))
# environment
LC_TELEPHONE = en_IL.UTF-8
# default
MAKE_COMMAND := make
# environment
VSCODE_NODE_CACHED_DATA_DIR = /home/os212/.config/Code/CachedData/054a9295330880ed74ceaedda236253b4f39a335
# default
.VARIABLES := 
# automatic
*F = $(notdir $*)
# environment
LANGUAGE = en
# environment
XDG_SEAT_PATH = /org/freedesktop/DisplayManager/Seat0
# environment
VSCODE_IPC_HOOK = /run/user/1001/vscode-02f71dbe-1.56.2-main.sock
# makefile
MAKEFLAGS = pqrR
# environment
MFLAGS = -pqrR
# automatic
*D = $(patsubst %/,%,$(dir $*))
# environment
BREAKPAD_DUMP_LOCATION = /home/os212/.config/Code/exthost Crash Reports
# automatic
+D = $(patsubst %/,%,$(dir $+))
# makefile (from 'Makefile', line 57)
OBJDUMP = $(TOOLPREFIX)objdump
# environment
GDK_BACKEND = x11
# environment
QT_PLATFORM_PLUGIN = lxqt
# environment
LC_PAPER = en_IL.UTF-8
# environment
QT_ACCESSIBILITY = 1
# makefile (from 'Makefile', line 167)
QEMUOPTS = -machine virt -bios none -kernel $K/kernel -m 128M -smp $(CPUS) -nographic -drive file=fs.img,if=none,format=raw,id=x0 -device virtio-blk-device,drive=x0,bus=virtio-mmio-bus.0
# environment
TEXTDOMAINDIR = /usr/share/locale/
# default
MAKEFILES := 
# environment
LC_NUMERIC = en_IL.UTF-8
# automatic
<F = $(notdir $<)
# environment
ELECTRON_RUN_AS_NODE = 1
# environment
LC_MEASUREMENT = en_IL.UTF-8
# environment
XDG_CONFIG_HOME = /home/os212/.config
# environment
LC_ALL = C
# automatic
^F = $(notdir $^)
# makefile (from 'Makefile', line 56)
OBJCOPY = $(TOOLPREFIX)objcopy
# default
SUFFIXES := 
# makefile (from 'Makefile', line 123)
UPROGS = $U/_cat $U/_echo $U/_forktest $U/_grep $U/_init $U/_kill $U/_ln $U/_ls $U/_mkdir $U/_rm $U/_sh $U/_stressfs $U/_usertests $U/_grind $U/_wc $U/_zombie $U/_lazytests 
# environment
CHROME_DESKTOP = code-url-handler.desktop
# default
.INCLUDE_DIRS = /usr/include /usr/local/include /usr/include
# environment
LC_IDENTIFICATION = en_IL.UTF-8
# default
.RECIPEPREFIX := 
# environment
LC_ADDRESS = en_IL.UTF-8
# environment
LANG = C
# environment
VSCODE_PID = 8468
# variable set hash-table stats:
# Load=129/1024=13%, Rehash=0, Collisions=24/377=6%

# Pattern-specific Variable Values

# No pattern-specific variable values.

# Directories
 

# user (device 2049, inode 1706614): 124 files, no impossibilities.
# kernel (device 2049, inode 1706511): 101 files, no impossibilities.
# . (device 2049, inode 1705630): 18 files, no impossibilities.

# 243 files, no impossibilities in 3 directories.

# Implicit Rules

_%: %.o user/ulib.o user/usys.o user/printf.o user/umalloc.o
#  recipe to execute (from 'Makefile', line 98):
	$(LD) $(LDFLAGS) -N -e main -Ttext 0 -o $@ $^
	$(OBJDUMP) -S $@ > $*.asm
	$(OBJDUMP) -t $@ | sed '1,/SYMBOL TABLE/d; s/ .* / /; /^$$/d' > $*.sym

# 1 implicit rules, 0 (0.0%) terminal.

# Files

# Not a target:
kernel/sysfile.c:
#  Implicit rule search has not been done.
#  Modification time never checked.
#  File has not been updated.

# Not a target:
user/_ln:
#  Implicit rule search has not been done.
#  Modification time never checked.
#  File has not been updated.

user/ln.o: user/ln.c kernel/types.h kernel/stat.h user/user.h
#  Implicit rule search has not been done.
#  Modification time never checked.
#  File has not been updated.

kernel/fs.o: kernel/fs.c kernel/types.h kernel/riscv.h kernel/defs.h kernel/param.h kernel/stat.h kernel/spinlock.h kernel/proc.h kernel/sleeplock.h kernel/fs.h kernel/buf.h kernel/file.h kernel/fcntl.h
#  Implicit rule search has not been done.
#  Modification time never checked.
#  File has not been updated.

# Not a target:
kernel/exec.c:
#  Implicit rule search has not been done.
#  Modification time never checked.
#  File has not been updated.

user/grind.o: user/grind.c kernel/param.h kernel/types.h kernel/stat.h user/user.h kernel/fs.h kernel/fcntl.h kernel/syscall.h kernel/memlayout.h kernel/riscv.h
#  Implicit rule search has not been done.
#  Modification time never checked.
#  File has not been updated.

qemu: kernel/kernel fs.img
#  Implicit rule search has not been done.
#  Modification time never checked.
#  File has not been updated.
 
#  recipe to execute (from 'Makefile', line 170):
	$(QEMU) $(QEMUOPTS)

# Not a target:
kernel/virtio_disk.c:
#  Implicit rule search has not been done.
#  Modification time never checked.
#  File has not been updated.

# Not a target:
kernel/kalloc.d:
#  Implicit rule search has been done.
#  Last modified 2021-06-01 16:42:33.088386231
#  File has been updated.
#  Successfully updated.

kernel/exec.o: kernel/exec.c kernel/types.h kernel/param.h kernel/memlayout.h kernel/riscv.h kernel/spinlock.h kernel/proc.h kernel/defs.h kernel/elf.h
#  Implicit rule search has not been done.
#  Modification time never checked.
#  File has not been updated.

mkfs/mkfs: mkfs/mkfs.c kernel/fs.h kernel/param.h
#  Implicit rule search has not been done.
#  Modification time never checked.
#  File has not been updated.
#  recipe to execute (from 'Makefile', line 115):
	gcc -Werror -Wall -I. -o mkfs/mkfs mkfs/mkfs.c

# Not a target:
kernel/printf.c:
#  Implicit rule search has not been done.
#  Modification time never checked.
#  File has not been updated.

user/cat.o: user/cat.c kernel/types.h kernel/stat.h user/user.h
#  Implicit rule search has not been done.
#  Modification time never checked.
#  File has not been updated.

# Not a target:
kernel/file.h:
#  Implicit rule search has not been done.
#  Modification time never checked.
#  File has not been updated.

user/mkdir.o: user/mkdir.c kernel/types.h kernel/stat.h user/user.h
#  Implicit rule search has not been done.
#  Modification time never checked.
#  File has not been updated.

# Not a target:
user/_mkdir:
#  Implicit rule search has not been done.
#  Modification time never checked.
#  File has not been updated.

# Not a target:
all:
#  Command line target.
#  Implicit rule search has been done.
#  File does not exist.
#  File has not been updated.

# Not a target:
%.o:
#  Precious file (prerequisite of .PRECIOUS).
#  Implicit rule search has not been done.
#  Modification time never checked.
#  File has not been updated.

user/sh.o: user/sh.c kernel/types.h user/user.h kernel/fcntl.h
#  Implicit rule search has not been done.
#  Modification time never checked.
#  File has not been updated.

# Not a target:
user/kill.c:
#  Implicit rule search has not been done.
#  Modification time never checked.
#  File has not been updated.

# Not a target:
kernel/spinlock.h:
#  Implicit rule search has not been done.
#  Modification time never checked.
#  File has not been updated.

# Not a target:
kernel/console.d:
#  Implicit rule search has been done.
#  Last modified 2021-06-01 16:42:32.988386234
#  File has been updated.
#  Successfully updated.

# Not a target:
kernel/proc.h:
#  Implicit rule search has not been done.
#  Modification time never checked.
#  File has not been updated.

# Not a target:
kernel/kernel.ld:
#  Implicit rule search has not been done.
#  Modification time never checked.
#  File has not been updated.

kernel/uart.o: kernel/uart.c kernel/types.h kernel/param.h kernel/memlayout.h kernel/riscv.h kernel/spinlock.h kernel/proc.h kernel/defs.h
#  Implicit rule search has not been done.
#  Modification time never checked.
#  File has not been updated.

kernel/sleeplock.o: kernel/sleeplock.c kernel/types.h kernel/riscv.h kernel/defs.h kernel/param.h kernel/memlayout.h kernel/spinlock.h kernel/proc.h kernel/sleeplock.h
#  Implicit rule search has not been done.
#  Modification time never checked.
#  File has not been updated.

kernel/plic.o: kernel/plic.c kernel/types.h kernel/param.h kernel/memlayout.h kernel/riscv.h kernel/defs.h
#  Implicit rule search has not been done.
#  Modification time never checked.
#  File has not been updated.

user/init.o: user/init.c kernel/types.h kernel/stat.h kernel/spinlock.h kernel/sleeplock.h kernel/fs.h kernel/file.h user/user.h kernel/fcntl.h
#  Implicit rule search has not been done.
#  Modification time never checked.
#  File has not been updated.

# Not a target:
user/_init:
#  Implicit rule search has not been done.
#  Modification time never checked.
#  File has not been updated.

kernel/log.o: kernel/log.c kernel/types.h kernel/riscv.h kernel/defs.h kernel/param.h kernel/spinlock.h kernel/sleeplock.h kernel/fs.h kernel/buf.h
#  Implicit rule search has not been done.
#  Modification time never checked.
#  File has not been updated.

# Not a target:
user/wc.c:
#  Implicit rule search has not been done.
#  Modification time never checked.
#  File has not been updated.

# Not a target:
user/echo.c:
#  Implicit rule search has not been done.
#  Modification time never checked.
#  File has not been updated.

user/usys.S: user/usys.pl
#  Implicit rule search has not been done.
#  Modification time never checked.
#  File has not been updated.
#  recipe to execute (from 'Makefile', line 103):
	perl $U/usys.pl > $U/usys.S

.PRECIOUS: %.o
#  Implicit rule search has not been done.
#  Modification time never checked.
#  File has not been updated.

# Not a target:
kernel/bio.d:
#  Implicit rule search has been done.
#  Last modified 2021-06-01 16:42:33.584386214
#  File has been updated.
#  Successfully updated.

# Not a target:
kernel/start.c:
#  Implicit rule search has not been done.
#  Modification time never checked.
#  File has not been updated.

# Not a target:
README:
#  Implicit rule search has not been done.
#  Modification time never checked.
#  File has not been updated.

kernel/syscall.o: kernel/syscall.c kernel/types.h kernel/param.h kernel/memlayout.h kernel/riscv.h kernel/spinlock.h kernel/proc.h kernel/syscall.h kernel/defs.h
#  Implicit rule search has not been done.
#  Modification time never checked.
#  File has not been updated.

# Not a target:
kernel/memlayout.h:
#  Implicit rule search has not been done.
#  Modification time never checked.
#  File has not been updated.

user/rm.o: user/rm.c kernel/types.h kernel/stat.h user/user.h
#  Implicit rule search has not been done.
#  Modification time never checked.
#  File has not been updated.

# Not a target:
user/ls.c:
#  Implicit rule search has not been done.
#  Modification time never checked.
#  File has not been updated.

# Not a target:
user/stressfs.c:
#  Implicit rule search has not been done.
#  Modification time never checked.
#  File has not been updated.

# Not a target:
user/kill.d:
#  Implicit rule search has been done.
#  Last modified 2021-06-01 16:42:34.544386182
#  File has been updated.
#  Successfully updated.

kernel/vm.o: kernel/vm.c kernel/param.h kernel/types.h kernel/memlayout.h kernel/elf.h kernel/riscv.h kernel/defs.h kernel/fs.h kernel/spinlock.h kernel/proc.h
#  Implicit rule search has not been done.
#  Modification time never checked.
#  File has not been updated.

user/lazytests.o: user/lazytests.c kernel/param.h kernel/types.h kernel/stat.h user/user.h kernel/fs.h kernel/fcntl.h kernel/syscall.h kernel/memlayout.h kernel/riscv.h
#  Implicit rule search has not been done.
#  Modification time never checked.
#  File has not been updated.

# Not a target:
kernel/fcntl.h:
#  Implicit rule search has not been done.
#  Modification time never checked.
#  File has not been updated.

# Not a target:
user/_lazytests:
#  Implicit rule search has not been done.
#  Modification time never checked.
#  File has not been updated.

# Not a target:
user/ulib.c:
#  Implicit rule search has not been done.
#  Modification time never checked.
#  File has not been updated.

# Not a target:
kernel/trampoline.o:
#  Implicit rule search has not been done.
#  Modification time never checked.
#  File has not been updated.

# Not a target:
user/_stressfs:
#  Implicit rule search has not been done.
#  Modification time never checked.
#  File has not been updated.

# Not a target:
user/initcode.S:
#  Implicit rule search has not been done.
#  Modification time never checked.
#  File has not been updated.

# Not a target:
kernel/exec.d:
#  Implicit rule search has been done.
#  Last modified 2021-06-01 16:42:33.920386203
#  File has been updated.
#  Successfully updated.

# Not a target:
_init:
#  Implicit rule search has not been done.
#  Modification time never checked.
#  File has not been updated.

user/forktest.o: user/forktest.c kernel/types.h kernel/stat.h user/user.h
#  Implicit rule search has not been done.
#  Modification time never checked.
#  File has not been updated.

# Not a target:
user/umalloc.d:
#  Implicit rule search has been done.
#  Last modified 2021-06-01 16:42:34.364386188
#  File has been updated.
 
#  Successfully updated.

tags: kernel/entry.o kernel/start.o kernel/console.o kernel/printf.o kernel/uart.o kernel/kalloc.o kernel/spinlock.o kernel/string.o kernel/main.o kernel/vm.o kernel/proc.o kernel/swtch.o kernel/trampoline.o kernel/trap.o kernel/syscall.o kernel/sysproc.o kernel/bio.o kernel/fs.o kernel/log.o kernel/sleeplock.o kernel/file.o kernel/pipe.o kernel/exec.o kernel/sysfile.o kernel/kernelvec.o kernel/plic.o kernel/virtio_disk.o _init
#  Implicit rule search has not been done.
#  Modification time never checked.
#  File has not been updated.
#  recipe to execute (from 'Makefile', line 93):
	etags *.S *.c

user/_forktest: user/forktest.o user/ulib.o user/usys.o user/printf.o user/umalloc.o
#  Implicit rule search has not been done.
#  Modification time never checked.
#  File has not been updated.
#  recipe to execute (from 'Makefile', line 109):
	# forktest has less library code linked in - needs to be small
	# in order to be able to max out the proc table.
	$(LD) $(LDFLAGS) -N -e main -Ttext 0 -o $U/_forktest $U/forktest.o $U/ulib.o $U/usys.o
	$(OBJDUMP) -S $U/_forktest > $U/forktest.asm

# Not a target:
kernel/plic.d:
#  Implicit rule search has been done.
#  Last modified 2021-06-01 16:42:34.032386199
#  File has been updated.
#  Successfully updated.

# Not a target:
Makefile:
#  Implicit rule search has been done.
#  Last modified 2021-06-01 16:41:42.828387903
#  File has been updated.
#  Successfully updated.

# Not a target:
kernel/pipe.c:
#  Implicit rule search has not been done.
#  Modification time never checked.
#  File has not been updated.

# Not a target:
user/grep.c:
#  Implicit rule search has not been done.
#  Modification time never checked.
#  File has not been updated.

# Not a target:
kernel/file.d:
#  Implicit rule search has been done.
#  Last modified 2021-06-01 16:42:33.832386206
#  File has been updated.
#  Successfully updated.

user/echo.o: user/echo.c kernel/types.h kernel/stat.h user/user.h
#  Implicit rule search has not been done.
#  Modification time never checked.
#  File has not been updated.

# Not a target:
kernel/buf.h:
#  Implicit rule search has not been done.
#  Modification time never checked.
#  File has not been updated.

# Not a target:
kernel/spinlock.d:
#  Implicit rule search has been done.
#  Last modified 2021-06-01 16:42:33.124386229
#  File has been updated.
#  Successfully updated.

# Not a target:
kernel/proc.d:
#  Implicit rule search has been done.
#  Last modified 2021-06-01 16:42:33.40838622
#  File has been updated.
#  Successfully updated.

# Not a target:
kernel/main.c:
#  Implicit rule search has not been done.
#  Modification time never checked.
#  File has not been updated.

# Not a target:
user/grind.c:
#  Implicit rule search has not been done.
#  Modification time never checked.
#  File has not been updated.

# Not a target:
user/ln.c:
#  Implicit rule search has not been done.
#  Modification time never checked.
#  File has not been updated.

# Not a target:
kernel/string.d:
#  Implicit rule search has been done.
#  Last modified 2021-06-01 16:42:33.164386228
#  File has been updated.
#  Successfully updated.

kernel/kalloc.o: kernel/kalloc.c kernel/types.h kernel/param.h kernel/memlayout.h kernel/spinlock.h kernel/riscv.h kernel/defs.h
#  Implicit rule search has not been done.
#  Modification time never checked.
#  File has not been updated.

# Not a target:
kernel/fs.c:
#  Implicit rule search has not been done.
#  Modification time never checked.
#  File has not been updated.

# Not a target:
kernel/sysfile.d:
#  Implicit rule search has been done.
#  Last modified 2021-06-01 16:42:34.0003862
#  File has been updated.
#  Successfully updated.

# Not a target:
user/_rm:
#  Implicit rule search has not been done.
#  Modification time never checked.
#  File has not been updated.

# Not a target:
kernel/console.c:
#  Implicit rule search has not been done.
#  Modification time never checked.
#  File has not been updated.

# Not a target:
.gdbinit.tmpl-riscv:
#  Implicit rule search has not been done.
#  Modification time never checked.
#  File has not been updated.

# Not a target:
mkfs/mkfs.c:
#  Implicit rule search has not been done.
#  Modification time never checked.
#  File has not been updated.

# Not a target:
kernel/virtio_disk.d:
#  Implicit rule search has been done.
#  Last modified 2021-06-01 16:42:34.084386198
#  File has been updated.
#  Successfully updated.

# Not a target:
user/cat.c:
#  Implicit rule search has not been done.
#  Modification time never checked.
#  File has not been updated.

# Not a target:
user/mkdir.c:
#  Implicit rule search has not been done.
#  Modification time never checked.
#  File has not been updated.

# Not a target:
kernel/printf.d:
#  Implicit rule search has been done.
#  Last modified 2021-06-01 16:42:33.028386233
#  File has been updated.
#  Successfully updated.

kernel/kernel: kernel/entry.o kernel/start.o kernel/console.o kernel/printf.o kernel/uart.o kernel/kalloc.o kernel/spinlock.o kernel/string.o kernel/main.o kernel/vm.o kernel/proc.o kernel/swtch.o kernel/trampoline.o kernel/trap.o kernel/syscall.o kernel/sysproc.o kernel/bio.o kernel/fs.o kernel/log.o kernel/sleeplock.o kernel/file.o kernel/pipe.o kernel/exec.o kernel/sysfile.o kernel/kernelvec.o kernel/plic.o kernel/virtio_disk.o kernel/kernel.ld user/initcode
#  Implicit rule search has not been done.
#  Modification time never checked.
#  File has not been updated.
#  recipe to execute (from 'Makefile', line 82):
	$(LD) $(LDFLAGS) -T $K/kernel.ld -o $K/kernel $(OBJS) 
	$(OBJDUMP) -S $K/kernel > $K/kernel.asm
	$(OBJDUMP) -t $K/kernel | sed '1,/SYMBOL TABLE/d; s/ .* / /; /^$$/d' > $K/kernel.sym

user/printf.o: user/printf.c kernel/types.h kernel/stat.h user/user.h /usr/local/lib/gcc/riscv64-unknown-elf/10.2.0/include/stdarg.h
#  Implicit rule search has not been done.
#  Modification time never checked.
#  File has not been updated.

# Not a target:
user/_cat:
#  Implicit rule search has not been done.
#  Modification time never checked.
#  File has not been updated.

kernel/bio.o: kernel/bio.c kernel/types.h kernel/param.h kernel/spinlock.h kernel/sleeplock.h kernel/riscv.h kernel/defs.h kernel/fs.h kernel/buf.h
#  Implicit rule search has not been done.
#  Modification time never checked.
#  File has not been updated.

# Not a target:
user/sh.c:
#  Implicit rule search has not been done.
#  Modification time never checked.
 
#  File has not been updated.

# Not a target:
kernel/trap.c:
#  Implicit rule search has not been done.
#  Modification time never checked.
#  File has not been updated.

# Not a target:
kernel/uart.c:
#  Implicit rule search has not been done.
#  Modification time never checked.
#  File has not been updated.

# Not a target:
user/_sh:
#  Implicit rule search has not been done.
#  Modification time never checked.
#  File has not been updated.

# Not a target:
kernel/trap.d:
#  Implicit rule search has been done.
#  Last modified 2021-06-01 16:42:33.476386218
#  File has been updated.
#  Successfully updated.

# Not a target:
kernel/plic.c:
#  Implicit rule search has not been done.
#  Modification time never checked.
#  File has not been updated.

# Not a target:
user/init.c:
#  Implicit rule search has not been done.
#  Modification time never checked.
#  File has not been updated.

.gdbinit: .gdbinit.tmpl-riscv
#  Implicit rule search has not been done.
#  Modification time never checked.
#  File has not been updated.
#  recipe to execute (from 'Makefile', line 173):
	sed "s/:1234/:$(GDBPORT)/" < $^ > $@

# Not a target:
kernel/log.c:
#  Implicit rule search has not been done.
#  Modification time never checked.
#  File has not been updated.

# Not a target:
user/_kill:
#  Implicit rule search has not been done.
#  Modification time never checked.
#  File has not been updated.

# Not a target:
user/zombie.d:
#  Implicit rule search has been done.
#  Last modified 2021-06-01 16:42:34.996386167
#  File has been updated.
#  Successfully updated.

user/kill.o: user/kill.c kernel/types.h kernel/stat.h user/user.h
#  Implicit rule search has not been done.
#  Modification time never checked.
#  File has not been updated.

# Not a target:
kernel/fs.h:
#  Implicit rule search has not been done.
#  Modification time never checked.
#  File has not been updated.

kernel/sysproc.o: kernel/sysproc.c kernel/types.h kernel/riscv.h kernel/defs.h kernel/date.h kernel/param.h kernel/memlayout.h kernel/spinlock.h kernel/proc.h
#  Implicit rule search has not been done.
#  Modification time never checked.
#  File has not been updated.

# Not a target:
user/_echo:
#  Implicit rule search has not been done.
#  Modification time never checked.
#  File has not been updated.

fs.img: mkfs/mkfs README user/_cat user/_echo user/_forktest user/_grep user/_init user/_kill user/_ln user/_ls user/_mkdir user/_rm user/_sh user/_stressfs user/_usertests user/_grind user/_wc user/_zombie user/_lazytests
#  Implicit rule search has not been done.
#  Modification time never checked.
#  File has not been updated.
#  recipe to execute (from 'Makefile', line 143):
	mkfs/mkfs fs.img README $(UPROGS)

# Not a target:
user/wc.d:
#  Implicit rule search has been done.
#  Last modified 2021-06-01 16:42:34.956386169
#  File has been updated.
#  Successfully updated.

# Not a target:
kernel/syscall.c:
#  Implicit rule search has not been done.
#  Modification time never checked.
#  File has not been updated.

# Not a target:
kernel/swtch.o:
#  Implicit rule search has not been done.
#  Modification time never checked.
#  File has not been updated.

# Not a target:
kernel/start.d:
#  Implicit rule search has been done.
#  Last modified 2021-06-01 16:42:32.936386236
#  File has been updated.
#  Successfully updated.

# Not a target:
user/usys.d:
#  Implicit rule search has been done.
#  Last modified 2021-06-01 16:42:34.29638619
#  File has been updated.
#  Successfully updated.

user/umalloc.o: user/umalloc.c kernel/types.h kernel/stat.h user/user.h kernel/param.h
#  Implicit rule search has not been done.
#  Modification time never checked.
#  File has not been updated.

# Not a target:
user/ls.d:
#  Implicit rule search has been done.
#  Last modified 2021-06-01 16:42:34.62038618
#  File has been updated.
#  Successfully updated.

# Not a target:
kernel/vm.c:
#  Implicit rule search has not been done.
#  Modification time never checked.
#  File has not been updated.

# Not a target:
user/stressfs.d:
#  Implicit rule search has been done.
#  Last modified 2021-06-01 16:42:34.812386173
#  File has been updated.
#  Successfully updated.

# Not a target:
user/lazytests.c:
#  Implicit rule search has not been done.
#  Modification time never checked.
#  File has not been updated.

# Not a target:
.DEFAULT:
#  Implicit rule search has not been done.
#  Modification time never checked.
#  File has not been updated.

kernel/file.o: kernel/file.c kernel/types.h kernel/riscv.h kernel/defs.h kernel/param.h kernel/fs.h kernel/spinlock.h kernel/sleeplock.h kernel/file.h kernel/stat.h kernel/proc.h
#  Implicit rule search has not been done.
#  Modification time never checked.
#  File has not been updated.

# Not a target:
user/ulib.d:
#  Implicit rule search has been done.
#  Last modified 2021-06-01 16:42:34.276386191
#  File has been updated.
#  Successfully updated.

# Not a target:
kernel/log.d:
#  Implicit rule search has been done.
#  Last modified 2021-06-01 16:42:33.744386209
#  File has been updated.
#  Successfully updated.
 

# Not a target:
user/umalloc.c:
#  Implicit rule search has not been done.
#  Modification time never checked.
#  File has not been updated.

# Not a target:
user/forktest.c:
#  Implicit rule search has not been done.
#  Modification time never checked.
#  File has not been updated.

# Not a target:
user/initcode.d:
#  Implicit rule search has been done.
#  Last modified 2021-06-01 16:42:34.104386197
#  File has been updated.
#  Successfully updated.

# Not a target:
user/usertests.c:
#  Implicit rule search has not been done.
#  Modification time never checked.
#  File has not been updated.

kernel/spinlock.o: kernel/spinlock.c kernel/types.h kernel/param.h kernel/memlayout.h kernel/spinlock.h kernel/riscv.h kernel/proc.h kernel/defs.h
#  Implicit rule search has not been done.
#  Modification time never checked.
#  File has not been updated.

kernel/proc.o: kernel/proc.c kernel/types.h kernel/param.h kernel/memlayout.h kernel/riscv.h kernel/spinlock.h kernel/proc.h kernel/defs.h
#  Implicit rule search has not been done.
#  Modification time never checked.
#  File has not been updated.

# Not a target:
kernel/pipe.d:
#  Implicit rule search has been done.
#  Last modified 2021-06-01 16:42:33.876386204
#  File has been updated.
#  Successfully updated.

# Not a target:
kernel/sleeplock.h:
#  Implicit rule search has not been done.
#  Modification time never checked.
#  File has not been updated.

# Not a target:
kernel/param.h:
#  Implicit rule search has not been done.
#  Modification time never checked.
#  File has not been updated.

kernel/string.o: kernel/string.c kernel/types.h
#  Implicit rule search has not been done.
#  Modification time never checked.
#  File has not been updated.

# Not a target:
user/grep.d:
#  Implicit rule search has been done.
#  Last modified 2021-06-01 16:42:34.480386184
#  File has been updated.
#  Successfully updated.

qemu-gdb: kernel/kernel .gdbinit fs.img
#  Implicit rule search has not been done.
#  Modification time never checked.
#  File has not been updated.
#  recipe to execute (from 'Makefile', line 176):
	@echo "*** Now run 'gdb' in another window." 1>&2
	$(QEMU) $(QEMUOPTS) -S $(QEMUGDB)

kernel/sysfile.o: kernel/sysfile.c kernel/types.h kernel/riscv.h kernel/defs.h kernel/param.h kernel/stat.h kernel/spinlock.h kernel/proc.h kernel/fs.h kernel/sleeplock.h kernel/file.h kernel/fcntl.h
#  Implicit rule search has not been done.
#  Modification time never checked.
#  File has not been updated.

clean:
#  Implicit rule search has not been done.
#  Modification time never checked.
#  File has not been updated.
#  recipe to execute (from 'Makefile', line 148):
	rm -f *.tex *.dvi *.idx *.aux *.log *.ind *.ilg \
	*/*.o */*.d */*.asm */*.sym \
	$U/initcode $U/initcode.out $K/kernel fs.img \
	mkfs/mkfs .gdbinit \
        $U/usys.S \
	$(UPROGS)

# Not a target:
kernel/syscall.h:
#  Implicit rule search has not been done.
#  Modification time never checked.
#  File has not been updated.

# Not a target:
kernel/stat.h:
#  Implicit rule search has not been done.
#  Modification time never checked.
#  File has not been updated.

# Not a target:
kernel/kernelvec.o:
#  Implicit rule search has not been done.
#  Modification time never checked.
#  File has not been updated.

# Not a target:
kernel/elf.h:
#  Implicit rule search has not been done.
#  Modification time never checked.
#  File has not been updated.

# Not a target:
kernel/sleeplock.c:
#  Implicit rule search has not been done.
#  Modification time never checked.
#  File has not been updated.

# Not a target:
kernel/main.d:
#  Implicit rule search has been done.
#  Last modified 2021-06-01 16:42:33.188386227
#  File has been updated.
#  Successfully updated.

# Not a target:
user/_zombie:
#  Implicit rule search has not been done.
#  Modification time never checked.
#  File has not been updated.

# Not a target:
user/rm.c:
#  Implicit rule search has not been done.
#  Modification time never checked.
#  File has not been updated.

# Not a target:
user/grind.d:
#  Implicit rule search has been done.
#  Last modified 2021-06-01 16:42:34.90838617
#  File has been updated.
#  Successfully updated.

kernel/virtio_disk.o: kernel/virtio_disk.c kernel/types.h kernel/riscv.h kernel/defs.h kernel/param.h kernel/memlayout.h kernel/spinlock.h kernel/sleeplock.h kernel/fs.h kernel/buf.h kernel/virtio.h
#  Implicit rule search has not been done.
#  Modification time never checked.
#  File has not been updated.

# Not a target:
user/ln.d:
#  Implicit rule search has been done.
#  Last modified 2021-06-01 16:42:34.576386181
#  File has been updated.
#  Successfully updated.

# Not a target:
kernel/fs.d:
#  Implicit rule search has been done.
#  Last modified 2021-06-01 16:42:33.70038621
#  File has been updated.
 
#  Successfully updated.

kernel/printf.o: kernel/printf.c /usr/local/lib/gcc/riscv64-unknown-elf/10.2.0/include/stdarg.h kernel/types.h kernel/param.h kernel/spinlock.h kernel/sleeplock.h kernel/fs.h kernel/file.h kernel/memlayout.h kernel/riscv.h kernel/defs.h kernel/proc.h
#  Implicit rule search has not been done.
#  Modification time never checked.
#  File has not been updated.

# Not a target:
kernel/defs.h:
#  Implicit rule search has not been done.
#  Modification time never checked.
#  File has not been updated.

user/usertests.o: user/usertests.c kernel/param.h kernel/types.h kernel/stat.h user/user.h kernel/fs.h kernel/fcntl.h kernel/syscall.h kernel/memlayout.h kernel/riscv.h
#  Implicit rule search has not been done.
#  Modification time never checked.
#  File has not been updated.

# Not a target:
user/printf.d:
#  Implicit rule search has been done.
#  Last modified 2021-06-01 16:42:34.332386189
#  File has been updated.
#  Successfully updated.

# Not a target:
user/_usertests:
#  Implicit rule search has not been done.
#  Modification time never checked.
#  File has not been updated.

# Not a target:
user/zombie.c:
#  Implicit rule search has not been done.
#  Modification time never checked.
#  File has not been updated.

kernel/trap.o: kernel/trap.c kernel/types.h kernel/param.h kernel/memlayout.h kernel/riscv.h kernel/spinlock.h kernel/proc.h kernel/defs.h
#  Implicit rule search has not been done.
#  Modification time never checked.
#  File has not been updated.

# Not a target:
user/cat.d:
#  Implicit rule search has been done.
#  Last modified 2021-06-01 16:42:34.236386192
#  File has been updated.
#  Successfully updated.

# Not a target:
user/mkdir.d:
#  Implicit rule search has been done.
#  Last modified 2021-06-01 16:42:34.664386178
#  File has been updated.
#  Successfully updated.

# Not a target:
user/_wc:
#  Implicit rule search has not been done.
#  Modification time never checked.
#  File has not been updated.

# Not a target:
kernel/sysproc.d:
#  Implicit rule search has been done.
#  Last modified 2021-06-01 16:42:33.544386215
#  File has been updated.
#  Successfully updated.

# Not a target:
user/printf.c:
#  Implicit rule search has not been done.
#  Modification time never checked.
#  File has not been updated.

# Not a target:
kernel/bio.c:
#  Implicit rule search has not been done.
#  Modification time never checked.
#  File has not been updated.

user/wc.o: user/wc.c kernel/types.h kernel/stat.h user/user.h
#  Implicit rule search has not been done.
#  Modification time never checked.
#  File has not been updated.

kernel/start.o: kernel/start.c kernel/types.h kernel/param.h kernel/memlayout.h kernel/riscv.h kernel/defs.h
#  Implicit rule search has not been done.
#  Modification time never checked.
#  File has not been updated.

# Not a target:
user/sh.d:
#  Implicit rule search has been done.
#  Last modified 2021-06-01 16:42:34.776386174
#  File has been updated.
#  Successfully updated.

user/usys.o: user/usys.S user/usys.S kernel/syscall.h
#  Implicit rule search has not been done.
#  Modification time never checked.
#  File has not been updated.
#  recipe to execute (from 'Makefile', line 106):
	$(CC) $(CFLAGS) -c -o $U/usys.o $U/usys.S

user/zombie.o: user/zombie.c kernel/types.h kernel/stat.h user/user.h
#  Implicit rule search has not been done.
#  Modification time never checked.
#  File has not been updated.

# Not a target:
kernel/date.h:
#  Implicit rule search has not been done.
#  Modification time never checked.
#  File has not been updated.

# Not a target:
kernel/uart.d:
#  Implicit rule search has been done.
#  Last modified 2021-06-01 16:42:33.060386232
#  File has been updated.
#  Successfully updated.

user/ls.o: user/ls.c kernel/types.h kernel/stat.h user/user.h kernel/fs.h
#  Implicit rule search has not been done.
#  Modification time never checked.
#  File has not been updated.

# Not a target:
kernel/sleeplock.d:
#  Implicit rule search has been done.
#  Last modified 2021-06-01 16:42:33.776386208
#  File has been updated.
#  Successfully updated.

# Not a target:
user/_ls:
#  Implicit rule search has not been done.
#  Modification time never checked.
#  File has not been updated.

# Not a target:
user/init.d:
#  Implicit rule search has been done.
#  Last modified 2021-06-01 16:42:34.516386183
#  File has been updated.
#  Successfully updated.

# Not a target:
kernel/sysproc.c:
 
#  Implicit rule search has not been done.
#  Modification time never checked.
#  File has not been updated.

user/stressfs.o: user/stressfs.c kernel/types.h kernel/stat.h user/user.h kernel/fs.h kernel/fcntl.h
#  Implicit rule search has not been done.
#  Modification time never checked.
#  File has not been updated.

# Not a target:
kernel/riscv.h:
#  Implicit rule search has not been done.
#  Modification time never checked.
#  File has not been updated.

# Not a target:
user/user.h:
#  Implicit rule search has not been done.
#  Modification time never checked.
#  File has not been updated.

# Not a target:
kernel/kalloc.c:
#  Implicit rule search has not been done.
#  Modification time never checked.
#  File has not been updated.

# Not a target:
user/usys.pl:
#  Implicit rule search has not been done.
#  Modification time never checked.
#  File has not been updated.

kernel/console.o: kernel/console.c /usr/local/lib/gcc/riscv64-unknown-elf/10.2.0/include/stdarg.h kernel/types.h kernel/param.h kernel/spinlock.h kernel/sleeplock.h kernel/fs.h kernel/file.h kernel/memlayout.h kernel/riscv.h kernel/defs.h kernel/proc.h
#  Implicit rule search has not been done.
#  Modification time never checked.
#  File has not been updated.

user/ulib.o: user/ulib.c kernel/types.h kernel/stat.h kernel/fcntl.h user/user.h
#  Implicit rule search has not been done.
#  Modification time never checked.
#  File has not been updated.

# Not a target:
kernel/syscall.d:
#  Implicit rule search has been done.
#  Last modified 2021-06-01 16:42:33.512386217
#  File has been updated.
#  Successfully updated.

# Not a target:
user/rm.d:
#  Implicit rule search has been done.
#  Last modified 2021-06-01 16:42:34.696386177
#  File has been updated.
#  Successfully updated.

# Not a target:
kernel/virtio.h:
#  Implicit rule search has not been done.
#  Modification time never checked.
#  File has not been updated.

user/initcode: user/initcode.S
#  Implicit rule search has not been done.
#  Modification time never checked.
#  File has not been updated.
#  recipe to execute (from 'Makefile', line 87):
	$(CC) $(CFLAGS) -march=rv64g -nostdinc -I. -Ikernel -c $U/initcode.S -o $U/initcode.o
	$(LD) $(LDFLAGS) -N -e start -Ttext 0 -o $U/initcode.out $U/initcode.o
	$(OBJCOPY) -S -O binary $U/initcode.out $U/initcode
	$(OBJDUMP) -S $U/initcode.o > $U/initcode.asm

user/initcode.o: user/initcode.S kernel/syscall.h
#  Implicit rule search has not been done.
#  Modification time never checked.
#  File has not been updated.

# Not a target:
kernel/types.h:
#  Implicit rule search has not been done.
#  Modification time never checked.
#  File has not been updated.

# Not a target:
kernel/entry.o:
#  Implicit rule search has not been done.
#  Modification time never checked.
#  File has not been updated.

# Not a target:
kernel/vm.d:
#  Implicit rule search has been done.
#  Last modified 2021-06-01 16:42:33.264386225
#  File has been updated.
#  Successfully updated.

kernel/pipe.o: kernel/pipe.c kernel/types.h kernel/riscv.h kernel/defs.h kernel/param.h kernel/spinlock.h kernel/proc.h kernel/fs.h kernel/sleeplock.h kernel/file.h
#  Implicit rule search has not been done.
#  Modification time never checked.
#  File has not been updated.

# Not a target:
user/lazytests.d:
#  Implicit rule search has been done.
#  Last modified 2021-06-01 16:42:35.036386166
#  File has been updated.
#  Successfully updated.

# Not a target:
kernel/file.c:
#  Implicit rule search has not been done.
#  Modification time never checked.
#  File has not been updated.

user/grep.o: user/grep.c kernel/types.h kernel/stat.h user/user.h
#  Implicit rule search has not been done.
#  Modification time never checked.
#  File has not been updated.

# Not a target:
user/_grep:
#  Implicit rule search has not been done.
#  Modification time never checked.
#  File has not been updated.

# Not a target:
/usr/local/lib/gcc/riscv64-unknown-elf/10.2.0/include/stdarg.h:
#  Implicit rule search has not been done.
#  Modification time never checked.
#  File has not been updated.

# Not a target:
user/forktest.d:
#  Implicit rule search has been done.
#  Last modified 2021-06-01 16:42:34.436386186
#  File has been updated.
#  Successfully updated.

# Not a target:
kernel/spinlock.c:
#  Implicit rule search has not been done.
#  Modification time never checked.
#  File has not been updated.

# Not a target:
kernel/proc.c:
#  Implicit rule search has not been done.
#  Modification time never checked.
#  File has not been updated.

# Not a target:
user/echo.d:
#  Implicit rule search has been done.
 
#  Last modified 2021-06-01 16:42:34.396386187
#  File has been updated.
#  Successfully updated.

# Not a target:
user/usertests.d:
#  Implicit rule search has been done.
#  Last modified 2021-06-01 16:42:34.844386172
#  File has been updated.
#  Successfully updated.

# Not a target:
user/_grind:
#  Implicit rule search has not been done.
#  Modification time never checked.
#  File has not been updated.

kernel/main.o: kernel/main.c kernel/types.h kernel/param.h kernel/memlayout.h kernel/riscv.h kernel/defs.h
#  Implicit rule search has not been done.
#  Modification time never checked.
#  File has not been updated.

# Not a target:
kernel/string.c:
#  Implicit rule search has not been done.
#  Modification time never checked.
#  File has not been updated.

# files hash-table stats:
# Load=196/1024=19%, Rehash=0, Collisions=54/691=8%
# VPATH Search Paths

# No 'vpath' search paths.

# No general ('VPATH' variable) search path.

# strcache buffers: 1 (0) / strings = 428 / storage = 4637 B / avg = 10 B
# current buf: size = 8162 B / used = 4637 B / count = 428 / avg = 10 B

# strcache performance: lookups = 877 / hit rate = 51%
# hash-table stats:
# Load=428/8192=5%, Rehash=0, Collisions=53/877=6%
# Finished Make data base on Tue Jun  1 16:43:17 2021

 
